2017-09-18 13:28:54 [scrapy.utils.log] INFO: Scrapy 1.4.0 started (bot: scrapy_project)
2017-09-18 13:28:54 [scrapy.utils.log] INFO: Overridden settings: {'NEWSPIDER_MODULE': 'scrapy_project.spiders', 'ROBOTSTXT_OBEY': True, 'SPIDER_MODULES': ['scrapy_project.spiders'], 'LOG_FILE': 'logs/default/carrypanda/4f02f0049c7511e793b1ac7289263bad.log', 'BOT_NAME': 'scrapy_project'}
2017-09-18 13:28:54 [scrapy.middleware] INFO: Enabled extensions:
['scrapy.extensions.memusage.MemoryUsage',
 'scrapy.extensions.logstats.LogStats',
 'scrapy.extensions.telnet.TelnetConsole',
 'scrapy.extensions.corestats.CoreStats']
2017-09-18 13:28:54 [py.warnings] WARNING: /home/mindfire/venv/local/lib/python2.7/site-packages/scrapy/utils/deprecate.py:156: ScrapyDeprecationWarning: `scrapy.contrib.downloadermiddleware.httpcompression.HttpCompressionMiddleware` class is deprecated, use `scrapy.downloadermiddlewares.httpcompression.HttpCompressionMiddleware` instead
  ScrapyDeprecationWarning)

2017-09-18 13:28:54 [scrapy.middleware] INFO: Enabled downloader middlewares:
['scrapy.downloadermiddlewares.robotstxt.RobotsTxtMiddleware',
 'scrapy.downloadermiddlewares.httpauth.HttpAuthMiddleware',
 'scrapy.downloadermiddlewares.downloadtimeout.DownloadTimeoutMiddleware',
 'scrapy.downloadermiddlewares.defaultheaders.DefaultHeadersMiddleware',
 'scrapy.downloadermiddlewares.useragent.UserAgentMiddleware',
 'scrapy.downloadermiddlewares.retry.RetryMiddleware',
 'scrapy.downloadermiddlewares.redirect.MetaRefreshMiddleware',
 'scrapy.downloadermiddlewares.redirect.RedirectMiddleware',
 'scrapy.downloadermiddlewares.cookies.CookiesMiddleware',
 'scrapy.downloadermiddlewares.httpproxy.HttpProxyMiddleware',
 'scrapy.downloadermiddlewares.stats.DownloaderStats']
2017-09-18 13:28:54 [scrapy.middleware] INFO: Enabled spider middlewares:
['scrapy.spidermiddlewares.httperror.HttpErrorMiddleware',
 'scrapy.spidermiddlewares.offsite.OffsiteMiddleware',
 'scrapy.spidermiddlewares.referer.RefererMiddleware',
 'scrapy.spidermiddlewares.urllength.UrlLengthMiddleware',
 'scrapy.spidermiddlewares.depth.DepthMiddleware']
2017-09-18 13:28:54 [scrapy.middleware] INFO: Enabled item pipelines:
['scrapy_project.pipelines.ScrapyProjectPipeline']
2017-09-18 13:28:54 [scrapy.core.engine] INFO: Spider opened
2017-09-18 13:28:54 [scrapy.extensions.logstats] INFO: Crawled 0 pages (at 0 pages/min), scraped 0 items (at 0 items/min)
2017-09-18 13:28:54 [scrapy.extensions.telnet] DEBUG: Telnet console listening on 127.0.0.1:6023
2017-09-18 13:28:56 [scrapy.core.engine] DEBUG: Crawled (404) <GET http://carrypanda.com/robots.txt> (referer: None)
2017-09-18 13:28:56 [scrapy.core.engine] DEBUG: Crawled (200) <GET http://carrypanda.com/> (referer: None)
2017-09-18 13:28:56 [scrapy.dupefilters] DEBUG: Filtered duplicate request: <GET http://carrypanda.com/#?act=searchTrip> - no more duplicates will be shown (see DUPEFILTER_DEBUG to show all duplicates)
2017-09-18 13:28:56 [scrapy.spidermiddlewares.offsite] DEBUG: Filtered offsite request to 'www.facebook.com': <GET https://www.facebook.com/CarryPandaIndia/>
2017-09-18 13:28:56 [scrapy.core.engine] DEBUG: Crawled (200) <GET http://carrypanda.com/login/> (referer: http://carrypanda.com/)
2017-09-18 13:28:56 [scrapy.core.engine] DEBUG: Crawled (200) <GET http://carrypanda.com/signUp/> (referer: http://carrypanda.com/)
2017-09-18 13:28:57 [scrapy.core.scraper] DEBUG: Scraped from <200 http://carrypanda.com/login/>
{'identifier': 'login',
 'page_url': 'http://carrypanda.com/login/',
 'url_link': [u'/static/favicon-16x16.png',
              u'/static/favicon-32x32.png',
              u'/static/favicon-32x32.png',
              u'/static/favicon-16x16.png',
              u'/static/favicon-32x32.png',
              u'https://maxcdn.bootstrapcdn.com/bootstrap/3.3.7/css/bootstrap.min.css',
              u'/static/css/style.css',
              u'/static/jquery/jquery-ui.css',
              u'/static/font-awesome-4.6.1/css/font-awesome.min.css',
              u'/static/css/my.css',
              u'http://fonts.googleapis.com/css?family=Libre+Baskerville',
              u'https://fonts.googleapis.com/css?family=Libre+Baskerville:400i',
              u'http://fonts.googleapis.com/css?family=PT+Sans:400,700',
              u'http://fonts.googleapis.com/css?family=Oleo+Script:400,700',
              u'/#',
              u'/signUp/#',
              u'/login/#',
              u'/forgetpassword/',
              u'/signUp/',
              u'https://www.facebook.com/CarryPandaIndia/',
              u'/whatiscarrypanda/#',
              u'/howdoesitwork/#',
              u'/about/#',
              u'/contactUs/#',
              u'/faq/#',
              u'https://ajax.googleapis.com/ajax/libs/jquery/3.1.0/jquery.min.js',
              u'https://maxcdn.bootstrapcdn.com/bootstrap/3.3.7/js/bootstrap.min.js',
              u'/static/jquery/jquery-1.10.2.js',
              u'https://code.jquery.com/ui/1.10.2/jquery-ui.min.js',
              u'/static/js/design1.js',
              u'https://apis.google.com/js/platform.js',
              u'/static/js/googleOauth.js',
              u'/static/js/facebookOauth.js',
              u'../static/carrypanda-logo.png',
              u'../static/img/loading.gif',
              u'/static/profile-facebook.png'],
 'url_text': ['CSS/Link',
              'CSS/Link',
              'CSS/Link',
              'CSS/Link',
              'CSS/Link',
              'CSS/Link',
              'CSS/Link',
              'CSS/Link',
              'CSS/Link',
              'CSS/Link',
              'CSS/Link',
              'CSS/Link',
              'CSS/Link',
              'CSS/Link',
              'Anchor Link',
              'Anchor Link',
              'Anchor Link',
              'Anchor Link',
              'Anchor Link',
              'Anchor Link',
              'Anchor Link',
              'Anchor Link',
              'Anchor Link',
              'Anchor Link',
              'Anchor Link',
              'Script',
              'Script',
              'Script',
              'Script',
              'Script',
              'Script',
              'Script',
              'Script',
              'Image',
              'Image',
              'Image']}
2017-09-18 13:28:57 [scrapy.core.engine] DEBUG: Crawled (200) <GET http://carrypanda.com/> (referer: http://carrypanda.com/)
2017-09-18 13:28:57 [scrapy.core.engine] DEBUG: Crawled (200) <GET http://carrypanda.com/contactUs/> (referer: http://carrypanda.com/)
2017-09-18 13:28:57 [scrapy.core.engine] DEBUG: Crawled (200) <GET http://carrypanda.com/faq/> (referer: http://carrypanda.com/)
2017-09-18 13:28:57 [scrapy.core.engine] DEBUG: Crawled (200) <GET http://carrypanda.com/about/> (referer: http://carrypanda.com/)
2017-09-18 13:28:57 [scrapy.core.engine] DEBUG: Crawled (200) <GET http://carrypanda.com/whatiscarrypanda/> (referer: http://carrypanda.com/)
2017-09-18 13:28:57 [scrapy.core.engine] DEBUG: Crawled (200) <GET http://carrypanda.com/howdoesitwork/> (referer: http://carrypanda.com/)
2017-09-18 13:28:57 [scrapy.core.scraper] DEBUG: Scraped from <200 http://carrypanda.com/signUp/>
{'identifier': 'signUp',
 'page_url': 'http://carrypanda.com/signUp/',
 'url_link': [u'/static/favicon-16x16.png',
              u'/static/favicon-32x32.png',
              u'/static/favicon-32x32.png',
              u'/static/favicon-16x16.png',
              u'/static/favicon-32x32.png',
              u'https://maxcdn.bootstrapcdn.com/bootstrap/3.3.7/css/bootstrap.min.css',
              u'/static/css/style.css',
              u'/static/jquery/jquery-ui.css',
              u'/static/font-awesome-4.6.1/css/font-awesome.min.css',
              u'/static/css/my.css',
              u'http://fonts.googleapis.com/css?family=Libre+Baskerville',
              u'https://fonts.googleapis.com/css?family=Libre+Baskerville:400i',
              u'/#',
              u'/signUp/#',
              u'/login/#',
              u'https://www.facebook.com/CarryPandaIndia/',
              u'/whatiscarrypanda/#',
              u'/howdoesitwork/#',
              u'/about/#',
              u'/contactUs/#',
              u'/faq/#',
              u'https://ajax.googleapis.com/ajax/libs/jquery/3.1.0/jquery.min.js',
              u'https://maxcdn.bootstrapcdn.com/bootstrap/3.3.7/js/bootstrap.min.js',
              u'/static/jquery/jquery-1.10.2.js',
              u'https://code.jquery.com/ui/1.10.2/jquery-ui.min.js',
              u'/static/js/design1.js',
              u'/static/js/userDetailsValidation.js',
              u'../static/carrypanda-logo.png',
              u'../static/img/loading.gif',
              u'/static/profile-facebook.png'],
 'url_text': ['CSS/Link',
              'CSS/Link',
              'CSS/Link',
              'CSS/Link',
              'CSS/Link',
              'CSS/Link',
              'CSS/Link',
              'CSS/Link',
              'CSS/Link',
              'CSS/Link',
              'CSS/Link',
              'CSS/Link',
              'Anchor Link',
              'Anchor Link',
              'Anchor Link',
              'Anchor Link',
              'Anchor Link',
              'Anchor Link',
              'Anchor Link',
              'Anchor Link',
              'Anchor Link',
              'Script',
              'Script',
              'Script',
              'Script',
              'Script',
              'Script',
              'Image',
              'Image',
              'Image']}
2017-09-18 13:28:57 [scrapy.core.engine] DEBUG: Crawled (200) <GET http://carrypanda.com/forgetpassword/> (referer: http://carrypanda.com/login/)
2017-09-18 13:28:57 [scrapy.core.scraper] DEBUG: Scraped from <200 http://carrypanda.com/>
{'identifier': '',
 'page_url': 'http://carrypanda.com/',
 'url_link': [u'/static/favicon-16x16.png',
              u'/static/favicon-32x32.png',
              u'/static/favicon-32x32.png',
              u'/static/favicon-16x16.png',
              u'/static/favicon-32x32.png',
              u'https://maxcdn.bootstrapcdn.com/bootstrap/3.3.7/css/bootstrap.min.css',
              u'/static/css/style.css',
              u'/static/jquery/jquery-ui.css',
              u'/static/font-awesome-4.6.1/css/font-awesome.min.css',
              u'/static/css/my.css',
              u'http://fonts.googleapis.com/css?family=Libre+Baskerville',
              u'https://fonts.googleapis.com/css?family=Libre+Baskerville:400i',
              u'/#',
              u'/signUp/#',
              u'/login/#',
              u'/#?act=searchTrip',
              u'/#?act=addTrip',
              u'https://www.facebook.com/CarryPandaIndia/',
              u'/whatiscarrypanda/#',
              u'/howdoesitwork/#',
              u'/about/#',
              u'/contactUs/#',
              u'/faq/#',
              u'https://ajax.googleapis.com/ajax/libs/jquery/3.1.0/jquery.min.js',
              u'https://maxcdn.bootstrapcdn.com/bootstrap/3.3.7/js/bootstrap.min.js',
              u'/static/jquery/jquery-1.10.2.js',
              u'https://code.jquery.com/ui/1.10.2/jquery-ui.min.js',
              u'/static/js/design1.js',
              u'/static/js/homeUrl.js',
              u'../static/carrypanda-logo.png',
              u'/static/profile-facebook.png'],
 'url_text': ['CSS/Link',
              'CSS/Link',
              'CSS/Link',
              'CSS/Link',
              'CSS/Link',
              'CSS/Link',
              'CSS/Link',
              'CSS/Link',
              'CSS/Link',
              'CSS/Link',
              'CSS/Link',
              'CSS/Link',
              'Anchor Link',
              'Anchor Link',
              'Anchor Link',
              'Anchor Link',
              'Anchor Link',
              'Anchor Link',
              'Anchor Link',
              'Anchor Link',
              'Anchor Link',
              'Anchor Link',
              'Anchor Link',
              'Script',
              'Script',
              'Script',
              'Script',
              'Script',
              'Script',
              'Image',
              'Image']}
2017-09-18 13:28:57 [scrapy.core.scraper] DEBUG: Scraped from <200 http://carrypanda.com/contactUs/>
{'identifier': 'contactUs',
 'page_url': 'http://carrypanda.com/contactUs/',
 'url_link': [u'/static/favicon-16x16.png',
              u'/static/favicon-32x32.png',
              u'/static/favicon-32x32.png',
              u'/static/favicon-16x16.png',
              u'/static/favicon-32x32.png',
              u'https://maxcdn.bootstrapcdn.com/bootstrap/3.3.7/css/bootstrap.min.css',
              u'/static/css/style.css',
              u'/static/jquery/jquery-ui.css',
              u'/static/font-awesome-4.6.1/css/font-awesome.min.css',
              u'/static/css/my.css',
              u'http://fonts.googleapis.com/css?family=Libre+Baskerville',
              u'https://fonts.googleapis.com/css?family=Libre+Baskerville:400i',
              u'/#',
              u'/signUp/#',
              u'/login/#',
              u'mailto:info@carrypanda.com',
              u'https://www.facebook.com/CarryPandaIndia/',
              u'/whatiscarrypanda/#',
              u'/howdoesitwork/#',
              u'/about/#',
              u'/contactUs/#',
              u'/faq/#',
              u'https://ajax.googleapis.com/ajax/libs/jquery/3.1.0/jquery.min.js',
              u'https://maxcdn.bootstrapcdn.com/bootstrap/3.3.7/js/bootstrap.min.js',
              u'/static/jquery/jquery-1.10.2.js',
              u'https://code.jquery.com/ui/1.10.2/jquery-ui.min.js',
              u'/static/js/design1.js',
              u'../static/carrypanda-logo.png',
              u'/static/profile-facebook.png'],
 'url_text': ['CSS/Link',
              'CSS/Link',
              'CSS/Link',
              'CSS/Link',
              'CSS/Link',
              'CSS/Link',
              'CSS/Link',
              'CSS/Link',
              'CSS/Link',
              'CSS/Link',
              'CSS/Link',
              'CSS/Link',
              'Anchor Link',
              'Anchor Link',
              'Anchor Link',
              'Anchor Link',
              'Anchor Link',
              'Anchor Link',
              'Anchor Link',
              'Anchor Link',
              'Anchor Link',
              'Anchor Link',
              'Script',
              'Script',
              'Script',
              'Script',
              'Script',
              'Image',
              'Image']}
2017-09-18 13:28:57 [scrapy.core.scraper] DEBUG: Scraped from <200 http://carrypanda.com/faq/>
{'identifier': 'faq',
 'page_url': 'http://carrypanda.com/faq/',
 'url_link': [u'/static/favicon-16x16.png',
              u'/static/favicon-32x32.png',
              u'/static/favicon-32x32.png',
              u'/static/favicon-16x16.png',
              u'/static/favicon-32x32.png',
              u'https://maxcdn.bootstrapcdn.com/bootstrap/3.3.7/css/bootstrap.min.css',
              u'/static/css/style.css',
              u'/static/jquery/jquery-ui.css',
              u'/static/font-awesome-4.6.1/css/font-awesome.min.css',
              u'/static/css/my.css',
              u'http://fonts.googleapis.com/css?family=Libre+Baskerville',
              u'https://fonts.googleapis.com/css?family=Libre+Baskerville:400i',
              u'/#',
              u'/signUp/#',
              u'/login/#',
              u'https://www.facebook.com/CarryPandaIndia/',
              u'/whatiscarrypanda/#',
              u'/howdoesitwork/#',
              u'/about/#',
              u'/contactUs/#',
              u'/faq/#',
              u'https://ajax.googleapis.com/ajax/libs/jquery/3.1.0/jquery.min.js',
              u'https://maxcdn.bootstrapcdn.com/bootstrap/3.3.7/js/bootstrap.min.js',
              u'/static/jquery/jquery-1.10.2.js',
              u'https://code.jquery.com/ui/1.10.2/jquery-ui.min.js',
              u'/static/js/design1.js',
              u'../static/carrypanda-logo.png',
              u'../static/coming-soon.png',
              u'/static/profile-facebook.png'],
 'url_text': ['CSS/Link',
              'CSS/Link',
              'CSS/Link',
              'CSS/Link',
              'CSS/Link',
              'CSS/Link',
              'CSS/Link',
              'CSS/Link',
              'CSS/Link',
              'CSS/Link',
              'CSS/Link',
              'CSS/Link',
              'Anchor Link',
              'Anchor Link',
              'Anchor Link',
              'Anchor Link',
              'Anchor Link',
              'Anchor Link',
              'Anchor Link',
              'Anchor Link',
              'Anchor Link',
              'Script',
              'Script',
              'Script',
              'Script',
              'Script',
              'Image',
              'Image',
              'Image']}
2017-09-18 13:28:57 [scrapy.core.scraper] DEBUG: Scraped from <200 http://carrypanda.com/about/>
{'identifier': 'about',
 'page_url': 'http://carrypanda.com/about/',
 'url_link': [u'/static/favicon-16x16.png',
              u'/static/favicon-32x32.png',
              u'/static/favicon-32x32.png',
              u'/static/favicon-16x16.png',
              u'/static/favicon-32x32.png',
              u'https://maxcdn.bootstrapcdn.com/bootstrap/3.3.7/css/bootstrap.min.css',
              u'/static/css/style.css',
              u'/static/jquery/jquery-ui.css',
              u'/static/font-awesome-4.6.1/css/font-awesome.min.css',
              u'/static/css/my.css',
              u'http://fonts.googleapis.com/css?family=Libre+Baskerville',
              u'https://fonts.googleapis.com/css?family=Libre+Baskerville:400i',
              u'/#',
              u'/signUp/#',
              u'/login/#',
              u'https://www.facebook.com/CarryPandaIndia/',
              u'/whatiscarrypanda/#',
              u'/howdoesitwork/#',
              u'/about/#',
              u'/contactUs/#',
              u'/faq/#',
              u'https://ajax.googleapis.com/ajax/libs/jquery/3.1.0/jquery.min.js',
              u'https://maxcdn.bootstrapcdn.com/bootstrap/3.3.7/js/bootstrap.min.js',
              u'/static/jquery/jquery-1.10.2.js',
              u'https://code.jquery.com/ui/1.10.2/jquery-ui.min.js',
              u'/static/js/design1.js',
              u'../static/carrypanda-logo.png',
              u'/static/profile-facebook.png'],
 'url_text': ['CSS/Link',
              'CSS/Link',
              'CSS/Link',
              'CSS/Link',
              'CSS/Link',
              'CSS/Link',
              'CSS/Link',
              'CSS/Link',
              'CSS/Link',
              'CSS/Link',
              'CSS/Link',
              'CSS/Link',
              'Anchor Link',
              'Anchor Link',
              'Anchor Link',
              'Anchor Link',
              'Anchor Link',
              'Anchor Link',
              'Anchor Link',
              'Anchor Link',
              'Anchor Link',
              'Script',
              'Script',
              'Script',
              'Script',
              'Script',
              'Image',
              'Image']}
2017-09-18 13:28:57 [scrapy.core.scraper] DEBUG: Scraped from <200 http://carrypanda.com/whatiscarrypanda/>
{'identifier': 'whatiscarrypanda',
 'page_url': 'http://carrypanda.com/whatiscarrypanda/',
 'url_link': [u'/static/favicon-16x16.png',
              u'/static/favicon-32x32.png',
              u'/static/favicon-32x32.png',
              u'/static/favicon-16x16.png',
              u'/static/favicon-32x32.png',
              u'https://maxcdn.bootstrapcdn.com/bootstrap/3.3.7/css/bootstrap.min.css',
              u'/static/css/style.css',
              u'/static/jquery/jquery-ui.css',
              u'/static/font-awesome-4.6.1/css/font-awesome.min.css',
              u'/static/css/my.css',
              u'http://fonts.googleapis.com/css?family=Libre+Baskerville',
              u'https://fonts.googleapis.com/css?family=Libre+Baskerville:400i',
              u'/#',
              u'/signUp/#',
              u'/login/#',
              u'https://www.facebook.com/CarryPandaIndia/',
              u'/whatiscarrypanda/#',
              u'/howdoesitwork/#',
              u'/about/#',
              u'/contactUs/#',
              u'/faq/#',
              u'https://ajax.googleapis.com/ajax/libs/jquery/3.1.0/jquery.min.js',
              u'https://maxcdn.bootstrapcdn.com/bootstrap/3.3.7/js/bootstrap.min.js',
              u'/static/jquery/jquery-1.10.2.js',
              u'https://code.jquery.com/ui/1.10.2/jquery-ui.min.js',
              u'/static/js/design1.js',
              u'../static/carrypanda-logo.png',
              u'/static/profile-facebook.png'],
 'url_text': ['CSS/Link',
              'CSS/Link',
              'CSS/Link',
              'CSS/Link',
              'CSS/Link',
              'CSS/Link',
              'CSS/Link',
              'CSS/Link',
              'CSS/Link',
              'CSS/Link',
              'CSS/Link',
              'CSS/Link',
              'Anchor Link',
              'Anchor Link',
              'Anchor Link',
              'Anchor Link',
              'Anchor Link',
              'Anchor Link',
              'Anchor Link',
              'Anchor Link',
              'Anchor Link',
              'Script',
              'Script',
              'Script',
              'Script',
              'Script',
              'Image',
              'Image']}
2017-09-18 13:28:57 [scrapy.core.scraper] DEBUG: Scraped from <200 http://carrypanda.com/howdoesitwork/>
{'identifier': 'howdoesitwork',
 'page_url': 'http://carrypanda.com/howdoesitwork/',
 'url_link': [u'/static/favicon-16x16.png',
              u'/static/favicon-32x32.png',
              u'/static/favicon-32x32.png',
              u'/static/favicon-16x16.png',
              u'/static/favicon-32x32.png',
              u'https://maxcdn.bootstrapcdn.com/bootstrap/3.3.7/css/bootstrap.min.css',
              u'/static/css/style.css',
              u'/static/jquery/jquery-ui.css',
              u'/static/font-awesome-4.6.1/css/font-awesome.min.css',
              u'/static/css/my.css',
              u'http://fonts.googleapis.com/css?family=Libre+Baskerville',
              u'https://fonts.googleapis.com/css?family=Libre+Baskerville:400i',
              u'/#',
              u'/signUp/#',
              u'/login/#',
              u'https://www.facebook.com/CarryPandaIndia/',
              u'/whatiscarrypanda/#',
              u'/howdoesitwork/#',
              u'/about/#',
              u'/contactUs/#',
              u'/faq/#',
              u'https://ajax.googleapis.com/ajax/libs/jquery/3.1.0/jquery.min.js',
              u'https://maxcdn.bootstrapcdn.com/bootstrap/3.3.7/js/bootstrap.min.js',
              u'/static/jquery/jquery-1.10.2.js',
              u'https://code.jquery.com/ui/1.10.2/jquery-ui.min.js',
              u'/static/js/design1.js',
              u'/static/js/howDoesItWork.js',
              u'../static/carrypanda-logo.png',
              u'../static/sender-panda.png',
              u'../static/carrier-img.png',
              u'/static/profile-facebook.png'],
 'url_text': ['CSS/Link',
              'CSS/Link',
              'CSS/Link',
              'CSS/Link',
              'CSS/Link',
              'CSS/Link',
              'CSS/Link',
              'CSS/Link',
              'CSS/Link',
              'CSS/Link',
              'CSS/Link',
              'CSS/Link',
              'Anchor Link',
              'Anchor Link',
              'Anchor Link',
              'Anchor Link',
              'Anchor Link',
              'Anchor Link',
              'Anchor Link',
              'Anchor Link',
              'Anchor Link',
              'Script',
              'Script',
              'Script',
              'Script',
              'Script',
              'Script',
              'Image',
              'Image',
              'Image',
              'Image']}
2017-09-18 13:28:57 [scrapy.core.scraper] DEBUG: Scraped from <200 http://carrypanda.com/forgetpassword/>
{'identifier': 'forgetpassword',
 'page_url': 'http://carrypanda.com/forgetpassword/',
 'url_link': [u'/static/favicon-16x16.png',
              u'/static/favicon-32x32.png',
              u'/static/favicon-32x32.png',
              u'/static/favicon-16x16.png',
              u'/static/favicon-32x32.png',
              u'https://maxcdn.bootstrapcdn.com/bootstrap/3.3.7/css/bootstrap.min.css',
              u'/static/css/style.css',
              u'/static/jquery/jquery-ui.css',
              u'/static/font-awesome-4.6.1/css/font-awesome.min.css',
              u'/static/css/my.css',
              u'http://fonts.googleapis.com/css?family=Libre+Baskerville',
              u'https://fonts.googleapis.com/css?family=Libre+Baskerville:400i',
              u'/#',
              u'/signUp/#',
              u'/login/#',
              u'https://www.facebook.com/CarryPandaIndia/',
              u'/whatiscarrypanda/#',
              u'/howdoesitwork/#',
              u'/about/#',
              u'/contactUs/#',
              u'/faq/#',
              u'https://ajax.googleapis.com/ajax/libs/jquery/3.1.0/jquery.min.js',
              u'https://maxcdn.bootstrapcdn.com/bootstrap/3.3.7/js/bootstrap.min.js',
              u'/static/jquery/jquery-1.10.2.js',
              u'https://code.jquery.com/ui/1.10.2/jquery-ui.min.js',
              u'/static/js/design1.js',
              u'/static/js/userDetailsValidation.js',
              u'../static/carrypanda-logo.png',
              u'/static/profile-facebook.png'],
 'url_text': ['CSS/Link',
              'CSS/Link',
              'CSS/Link',
              'CSS/Link',
              'CSS/Link',
              'CSS/Link',
              'CSS/Link',
              'CSS/Link',
              'CSS/Link',
              'CSS/Link',
              'CSS/Link',
              'CSS/Link',
              'Anchor Link',
              'Anchor Link',
              'Anchor Link',
              'Anchor Link',
              'Anchor Link',
              'Anchor Link',
              'Anchor Link',
              'Anchor Link',
              'Anchor Link',
              'Script',
              'Script',
              'Script',
              'Script',
              'Script',
              'Script',
              'Image',
              'Image']}
2017-09-18 13:28:57 [scrapy.core.engine] INFO: Closing spider (finished)
2017-09-18 13:28:57 [scrapy.statscollectors] INFO: Dumping Scrapy stats:
{'downloader/request_bytes': 2851,
 'downloader/request_count': 11,
 'downloader/request_method_count/GET': 11,
 'downloader/response_bytes': 109610,
 'downloader/response_count': 11,
 'downloader/response_status_count/200': 10,
 'downloader/response_status_count/404': 1,
 'dupefilter/filtered': 76,
 'finish_reason': 'finished',
 'finish_time': datetime.datetime(2017, 9, 18, 13, 28, 57, 701204),
 'item_scraped_count': 9,
 'log_count/DEBUG': 23,
 'log_count/INFO': 7,
 'log_count/WARNING': 1,
 'memusage/max': 61513728,
 'memusage/startup': 61513728,
 'offsite/domains': 1,
 'offsite/filtered': 10,
 'request_depth_max': 3,
 'response_received_count': 11,
 'scheduler/dequeued': 10,
 'scheduler/dequeued/memory': 10,
 'scheduler/enqueued': 10,
 'scheduler/enqueued/memory': 10,
 'start_time': datetime.datetime(2017, 9, 18, 13, 28, 54, 237090)}
2017-09-18 13:28:57 [scrapy.core.engine] INFO: Spider closed (finished)
