2017-09-18 13:00:44 [scrapy.utils.log] INFO: Scrapy 1.4.0 started (bot: scrapy_project)
2017-09-18 13:00:44 [scrapy.utils.log] INFO: Overridden settings: {'NEWSPIDER_MODULE': 'scrapy_project.spiders', 'ROBOTSTXT_OBEY': True, 'SPIDER_MODULES': ['scrapy_project.spiders'], 'LOG_FILE': 'logs/default/carrypanda/5e376b129c7111e793b1ac7289263bad.log', 'BOT_NAME': 'scrapy_project'}
2017-09-18 13:00:44 [scrapy.middleware] INFO: Enabled extensions:
['scrapy.extensions.memusage.MemoryUsage',
 'scrapy.extensions.logstats.LogStats',
 'scrapy.extensions.telnet.TelnetConsole',
 'scrapy.extensions.corestats.CoreStats']
2017-09-18 13:00:44 [py.warnings] WARNING: /home/mindfire/venv/local/lib/python2.7/site-packages/scrapy/utils/deprecate.py:156: ScrapyDeprecationWarning: `scrapy.contrib.downloadermiddleware.httpcompression.HttpCompressionMiddleware` class is deprecated, use `scrapy.downloadermiddlewares.httpcompression.HttpCompressionMiddleware` instead
  ScrapyDeprecationWarning)

2017-09-18 13:00:44 [scrapy.middleware] INFO: Enabled downloader middlewares:
['scrapy.downloadermiddlewares.robotstxt.RobotsTxtMiddleware',
 'scrapy.downloadermiddlewares.httpauth.HttpAuthMiddleware',
 'scrapy.downloadermiddlewares.downloadtimeout.DownloadTimeoutMiddleware',
 'scrapy.downloadermiddlewares.defaultheaders.DefaultHeadersMiddleware',
 'scrapy.downloadermiddlewares.useragent.UserAgentMiddleware',
 'scrapy.downloadermiddlewares.retry.RetryMiddleware',
 'scrapy.downloadermiddlewares.redirect.MetaRefreshMiddleware',
 'scrapy.downloadermiddlewares.redirect.RedirectMiddleware',
 'scrapy.downloadermiddlewares.cookies.CookiesMiddleware',
 'scrapy.downloadermiddlewares.httpproxy.HttpProxyMiddleware',
 'scrapy.downloadermiddlewares.stats.DownloaderStats']
2017-09-18 13:00:44 [scrapy.middleware] INFO: Enabled spider middlewares:
['scrapy.spidermiddlewares.httperror.HttpErrorMiddleware',
 'scrapy.spidermiddlewares.offsite.OffsiteMiddleware',
 'scrapy.spidermiddlewares.referer.RefererMiddleware',
 'scrapy.spidermiddlewares.urllength.UrlLengthMiddleware',
 'scrapy.spidermiddlewares.depth.DepthMiddleware']
2017-09-18 13:00:44 [scrapy.middleware] INFO: Enabled item pipelines:
['scrapy_project.pipelines.ScrapyProjectPipeline']
2017-09-18 13:00:44 [scrapy.core.engine] INFO: Spider opened
2017-09-18 13:00:44 [scrapy.extensions.logstats] INFO: Crawled 0 pages (at 0 pages/min), scraped 0 items (at 0 items/min)
2017-09-18 13:00:44 [scrapy.extensions.telnet] DEBUG: Telnet console listening on 127.0.0.1:6023
2017-09-18 13:00:44 [scrapy.core.engine] DEBUG: Crawled (404) <GET http://carrypanda.com/robots.txt> (referer: None)
2017-09-18 13:00:44 [scrapy.core.engine] DEBUG: Crawled (200) <GET http://carrypanda.com/> (referer: None)
2017-09-18 13:00:44 [scrapy.dupefilters] DEBUG: Filtered duplicate request: <GET http://carrypanda.com/#?act=searchTrip> - no more duplicates will be shown (see DUPEFILTER_DEBUG to show all duplicates)
2017-09-18 13:00:44 [scrapy.spidermiddlewares.offsite] DEBUG: Filtered offsite request to 'www.facebook.com': <GET https://www.facebook.com/CarryPandaIndia/>
2017-09-18 13:00:44 [scrapy.core.engine] DEBUG: Crawled (200) <GET http://carrypanda.com/faq/> (referer: http://carrypanda.com/)
2017-09-18 13:00:45 [scrapy.core.scraper] ERROR: Spider error processing <GET http://carrypanda.com/faq/> (referer: http://carrypanda.com/)
Traceback (most recent call last):
  File "/home/mindfire/venv/local/lib/python2.7/site-packages/scrapy/utils/defer.py", line 102, in iter_errback
    yield next(it)
  File "/home/mindfire/venv/local/lib/python2.7/site-packages/scrapy/spidermiddlewares/offsite.py", line 29, in process_spider_output
    for x in result:
  File "/home/mindfire/venv/local/lib/python2.7/site-packages/scrapy/spidermiddlewares/referer.py", line 339, in <genexpr>
    return (_set_referer(r) for r in result or ())
  File "/home/mindfire/venv/local/lib/python2.7/site-packages/scrapy/spidermiddlewares/urllength.py", line 37, in <genexpr>
    return (r for r in result or () if _filter(r))
  File "/home/mindfire/venv/local/lib/python2.7/site-packages/scrapy/spidermiddlewares/depth.py", line 58, in <genexpr>
    return (r for r in result or () if _filter(r))
  File "/home/mindfire/venv/local/lib/python2.7/site-packages/scrapy/spiders/crawl.py", line 76, in _parse_response
    cb_res = callback(response, **cb_kwargs) or ()
  File "scrapy_project/spiders/carrypanda.py", line 50, in parse_obj
    script = Selector(text=src_item).xpath('//script/@src').extract()
  File "/home/mindfire/venv/local/lib/python2.7/site-packages/scrapy/selector/unified.py", line 64, in __init__
    response = _response_from_text(text, st)
  File "/home/mindfire/venv/local/lib/python2.7/site-packages/scrapy/selector/unified.py", line 26, in _response_from_text
    body=to_bytes(text, 'utf-8'))
  File "/home/mindfire/venv/local/lib/python2.7/site-packages/scrapy/utils/python.py", line 117, in to_bytes
    'object, got %s' % type(text).__name__)
TypeError: to_bytes must receive a unicode, str or bytes object, got Selector
2017-09-18 13:00:45 [scrapy.core.engine] DEBUG: Crawled (200) <GET http://carrypanda.com/howdoesitwork/> (referer: http://carrypanda.com/)
2017-09-18 13:00:45 [scrapy.core.engine] DEBUG: Crawled (200) <GET http://carrypanda.com/signUp/> (referer: http://carrypanda.com/)
2017-09-18 13:00:45 [scrapy.core.engine] DEBUG: Crawled (200) <GET http://carrypanda.com/about/> (referer: http://carrypanda.com/)
2017-09-18 13:00:45 [scrapy.core.engine] DEBUG: Crawled (200) <GET http://carrypanda.com/whatiscarrypanda/> (referer: http://carrypanda.com/)
2017-09-18 13:00:45 [scrapy.core.engine] DEBUG: Crawled (200) <GET http://carrypanda.com/> (referer: http://carrypanda.com/)
2017-09-18 13:00:45 [scrapy.core.engine] DEBUG: Crawled (200) <GET http://carrypanda.com/contactUs/> (referer: http://carrypanda.com/)
2017-09-18 13:00:45 [scrapy.core.scraper] ERROR: Spider error processing <GET http://carrypanda.com/howdoesitwork/> (referer: http://carrypanda.com/)
Traceback (most recent call last):
  File "/home/mindfire/venv/local/lib/python2.7/site-packages/scrapy/utils/defer.py", line 102, in iter_errback
    yield next(it)
  File "/home/mindfire/venv/local/lib/python2.7/site-packages/scrapy/spidermiddlewares/offsite.py", line 29, in process_spider_output
    for x in result:
  File "/home/mindfire/venv/local/lib/python2.7/site-packages/scrapy/spidermiddlewares/referer.py", line 339, in <genexpr>
    return (_set_referer(r) for r in result or ())
  File "/home/mindfire/venv/local/lib/python2.7/site-packages/scrapy/spidermiddlewares/urllength.py", line 37, in <genexpr>
    return (r for r in result or () if _filter(r))
  File "/home/mindfire/venv/local/lib/python2.7/site-packages/scrapy/spidermiddlewares/depth.py", line 58, in <genexpr>
    return (r for r in result or () if _filter(r))
  File "/home/mindfire/venv/local/lib/python2.7/site-packages/scrapy/spiders/crawl.py", line 76, in _parse_response
    cb_res = callback(response, **cb_kwargs) or ()
  File "scrapy_project/spiders/carrypanda.py", line 50, in parse_obj
    script = Selector(text=src_item).xpath('//script/@src').extract()
  File "/home/mindfire/venv/local/lib/python2.7/site-packages/scrapy/selector/unified.py", line 64, in __init__
    response = _response_from_text(text, st)
  File "/home/mindfire/venv/local/lib/python2.7/site-packages/scrapy/selector/unified.py", line 26, in _response_from_text
    body=to_bytes(text, 'utf-8'))
  File "/home/mindfire/venv/local/lib/python2.7/site-packages/scrapy/utils/python.py", line 117, in to_bytes
    'object, got %s' % type(text).__name__)
TypeError: to_bytes must receive a unicode, str or bytes object, got Selector
2017-09-18 13:00:45 [scrapy.core.scraper] ERROR: Spider error processing <GET http://carrypanda.com/signUp/> (referer: http://carrypanda.com/)
Traceback (most recent call last):
  File "/home/mindfire/venv/local/lib/python2.7/site-packages/scrapy/utils/defer.py", line 102, in iter_errback
    yield next(it)
  File "/home/mindfire/venv/local/lib/python2.7/site-packages/scrapy/spidermiddlewares/offsite.py", line 29, in process_spider_output
    for x in result:
  File "/home/mindfire/venv/local/lib/python2.7/site-packages/scrapy/spidermiddlewares/referer.py", line 339, in <genexpr>
    return (_set_referer(r) for r in result or ())
  File "/home/mindfire/venv/local/lib/python2.7/site-packages/scrapy/spidermiddlewares/urllength.py", line 37, in <genexpr>
    return (r for r in result or () if _filter(r))
  File "/home/mindfire/venv/local/lib/python2.7/site-packages/scrapy/spidermiddlewares/depth.py", line 58, in <genexpr>
    return (r for r in result or () if _filter(r))
  File "/home/mindfire/venv/local/lib/python2.7/site-packages/scrapy/spiders/crawl.py", line 76, in _parse_response
    cb_res = callback(response, **cb_kwargs) or ()
  File "scrapy_project/spiders/carrypanda.py", line 50, in parse_obj
    script = Selector(text=src_item).xpath('//script/@src').extract()
  File "/home/mindfire/venv/local/lib/python2.7/site-packages/scrapy/selector/unified.py", line 64, in __init__
    response = _response_from_text(text, st)
  File "/home/mindfire/venv/local/lib/python2.7/site-packages/scrapy/selector/unified.py", line 26, in _response_from_text
    body=to_bytes(text, 'utf-8'))
  File "/home/mindfire/venv/local/lib/python2.7/site-packages/scrapy/utils/python.py", line 117, in to_bytes
    'object, got %s' % type(text).__name__)
TypeError: to_bytes must receive a unicode, str or bytes object, got Selector
2017-09-18 13:00:45 [scrapy.core.scraper] ERROR: Spider error processing <GET http://carrypanda.com/about/> (referer: http://carrypanda.com/)
Traceback (most recent call last):
  File "/home/mindfire/venv/local/lib/python2.7/site-packages/scrapy/utils/defer.py", line 102, in iter_errback
    yield next(it)
  File "/home/mindfire/venv/local/lib/python2.7/site-packages/scrapy/spidermiddlewares/offsite.py", line 29, in process_spider_output
    for x in result:
  File "/home/mindfire/venv/local/lib/python2.7/site-packages/scrapy/spidermiddlewares/referer.py", line 339, in <genexpr>
    return (_set_referer(r) for r in result or ())
  File "/home/mindfire/venv/local/lib/python2.7/site-packages/scrapy/spidermiddlewares/urllength.py", line 37, in <genexpr>
    return (r for r in result or () if _filter(r))
  File "/home/mindfire/venv/local/lib/python2.7/site-packages/scrapy/spidermiddlewares/depth.py", line 58, in <genexpr>
    return (r for r in result or () if _filter(r))
  File "/home/mindfire/venv/local/lib/python2.7/site-packages/scrapy/spiders/crawl.py", line 76, in _parse_response
    cb_res = callback(response, **cb_kwargs) or ()
  File "scrapy_project/spiders/carrypanda.py", line 50, in parse_obj
    script = Selector(text=src_item).xpath('//script/@src').extract()
  File "/home/mindfire/venv/local/lib/python2.7/site-packages/scrapy/selector/unified.py", line 64, in __init__
    response = _response_from_text(text, st)
  File "/home/mindfire/venv/local/lib/python2.7/site-packages/scrapy/selector/unified.py", line 26, in _response_from_text
    body=to_bytes(text, 'utf-8'))
  File "/home/mindfire/venv/local/lib/python2.7/site-packages/scrapy/utils/python.py", line 117, in to_bytes
    'object, got %s' % type(text).__name__)
TypeError: to_bytes must receive a unicode, str or bytes object, got Selector
2017-09-18 13:00:45 [scrapy.core.scraper] ERROR: Spider error processing <GET http://carrypanda.com/whatiscarrypanda/> (referer: http://carrypanda.com/)
Traceback (most recent call last):
  File "/home/mindfire/venv/local/lib/python2.7/site-packages/scrapy/utils/defer.py", line 102, in iter_errback
    yield next(it)
  File "/home/mindfire/venv/local/lib/python2.7/site-packages/scrapy/spidermiddlewares/offsite.py", line 29, in process_spider_output
    for x in result:
  File "/home/mindfire/venv/local/lib/python2.7/site-packages/scrapy/spidermiddlewares/referer.py", line 339, in <genexpr>
    return (_set_referer(r) for r in result or ())
  File "/home/mindfire/venv/local/lib/python2.7/site-packages/scrapy/spidermiddlewares/urllength.py", line 37, in <genexpr>
    return (r for r in result or () if _filter(r))
  File "/home/mindfire/venv/local/lib/python2.7/site-packages/scrapy/spidermiddlewares/depth.py", line 58, in <genexpr>
    return (r for r in result or () if _filter(r))
  File "/home/mindfire/venv/local/lib/python2.7/site-packages/scrapy/spiders/crawl.py", line 76, in _parse_response
    cb_res = callback(response, **cb_kwargs) or ()
  File "scrapy_project/spiders/carrypanda.py", line 50, in parse_obj
    script = Selector(text=src_item).xpath('//script/@src').extract()
  File "/home/mindfire/venv/local/lib/python2.7/site-packages/scrapy/selector/unified.py", line 64, in __init__
    response = _response_from_text(text, st)
  File "/home/mindfire/venv/local/lib/python2.7/site-packages/scrapy/selector/unified.py", line 26, in _response_from_text
    body=to_bytes(text, 'utf-8'))
  File "/home/mindfire/venv/local/lib/python2.7/site-packages/scrapy/utils/python.py", line 117, in to_bytes
    'object, got %s' % type(text).__name__)
TypeError: to_bytes must receive a unicode, str or bytes object, got Selector
2017-09-18 13:00:45 [scrapy.core.scraper] ERROR: Spider error processing <GET http://carrypanda.com/> (referer: http://carrypanda.com/)
Traceback (most recent call last):
  File "/home/mindfire/venv/local/lib/python2.7/site-packages/scrapy/utils/defer.py", line 102, in iter_errback
    yield next(it)
  File "/home/mindfire/venv/local/lib/python2.7/site-packages/scrapy/spidermiddlewares/offsite.py", line 29, in process_spider_output
    for x in result:
  File "/home/mindfire/venv/local/lib/python2.7/site-packages/scrapy/spidermiddlewares/referer.py", line 339, in <genexpr>
    return (_set_referer(r) for r in result or ())
  File "/home/mindfire/venv/local/lib/python2.7/site-packages/scrapy/spidermiddlewares/urllength.py", line 37, in <genexpr>
    return (r for r in result or () if _filter(r))
  File "/home/mindfire/venv/local/lib/python2.7/site-packages/scrapy/spidermiddlewares/depth.py", line 58, in <genexpr>
    return (r for r in result or () if _filter(r))
  File "/home/mindfire/venv/local/lib/python2.7/site-packages/scrapy/spiders/crawl.py", line 76, in _parse_response
    cb_res = callback(response, **cb_kwargs) or ()
  File "scrapy_project/spiders/carrypanda.py", line 50, in parse_obj
    script = Selector(text=src_item).xpath('//script/@src').extract()
  File "/home/mindfire/venv/local/lib/python2.7/site-packages/scrapy/selector/unified.py", line 64, in __init__
    response = _response_from_text(text, st)
  File "/home/mindfire/venv/local/lib/python2.7/site-packages/scrapy/selector/unified.py", line 26, in _response_from_text
    body=to_bytes(text, 'utf-8'))
  File "/home/mindfire/venv/local/lib/python2.7/site-packages/scrapy/utils/python.py", line 117, in to_bytes
    'object, got %s' % type(text).__name__)
TypeError: to_bytes must receive a unicode, str or bytes object, got Selector
2017-09-18 13:00:45 [scrapy.core.scraper] ERROR: Spider error processing <GET http://carrypanda.com/contactUs/> (referer: http://carrypanda.com/)
Traceback (most recent call last):
  File "/home/mindfire/venv/local/lib/python2.7/site-packages/scrapy/utils/defer.py", line 102, in iter_errback
    yield next(it)
  File "/home/mindfire/venv/local/lib/python2.7/site-packages/scrapy/spidermiddlewares/offsite.py", line 29, in process_spider_output
    for x in result:
  File "/home/mindfire/venv/local/lib/python2.7/site-packages/scrapy/spidermiddlewares/referer.py", line 339, in <genexpr>
    return (_set_referer(r) for r in result or ())
  File "/home/mindfire/venv/local/lib/python2.7/site-packages/scrapy/spidermiddlewares/urllength.py", line 37, in <genexpr>
    return (r for r in result or () if _filter(r))
  File "/home/mindfire/venv/local/lib/python2.7/site-packages/scrapy/spidermiddlewares/depth.py", line 58, in <genexpr>
    return (r for r in result or () if _filter(r))
  File "/home/mindfire/venv/local/lib/python2.7/site-packages/scrapy/spiders/crawl.py", line 76, in _parse_response
    cb_res = callback(response, **cb_kwargs) or ()
  File "scrapy_project/spiders/carrypanda.py", line 50, in parse_obj
    script = Selector(text=src_item).xpath('//script/@src').extract()
  File "/home/mindfire/venv/local/lib/python2.7/site-packages/scrapy/selector/unified.py", line 64, in __init__
    response = _response_from_text(text, st)
  File "/home/mindfire/venv/local/lib/python2.7/site-packages/scrapy/selector/unified.py", line 26, in _response_from_text
    body=to_bytes(text, 'utf-8'))
  File "/home/mindfire/venv/local/lib/python2.7/site-packages/scrapy/utils/python.py", line 117, in to_bytes
    'object, got %s' % type(text).__name__)
TypeError: to_bytes must receive a unicode, str or bytes object, got Selector
2017-09-18 13:00:45 [scrapy.core.engine] DEBUG: Crawled (200) <GET http://carrypanda.com/login/> (referer: http://carrypanda.com/)
2017-09-18 13:00:45 [scrapy.core.scraper] ERROR: Spider error processing <GET http://carrypanda.com/login/> (referer: http://carrypanda.com/)
Traceback (most recent call last):
  File "/home/mindfire/venv/local/lib/python2.7/site-packages/scrapy/utils/defer.py", line 102, in iter_errback
    yield next(it)
  File "/home/mindfire/venv/local/lib/python2.7/site-packages/scrapy/spidermiddlewares/offsite.py", line 29, in process_spider_output
    for x in result:
  File "/home/mindfire/venv/local/lib/python2.7/site-packages/scrapy/spidermiddlewares/referer.py", line 339, in <genexpr>
    return (_set_referer(r) for r in result or ())
  File "/home/mindfire/venv/local/lib/python2.7/site-packages/scrapy/spidermiddlewares/urllength.py", line 37, in <genexpr>
    return (r for r in result or () if _filter(r))
  File "/home/mindfire/venv/local/lib/python2.7/site-packages/scrapy/spidermiddlewares/depth.py", line 58, in <genexpr>
    return (r for r in result or () if _filter(r))
  File "/home/mindfire/venv/local/lib/python2.7/site-packages/scrapy/spiders/crawl.py", line 76, in _parse_response
    cb_res = callback(response, **cb_kwargs) or ()
  File "scrapy_project/spiders/carrypanda.py", line 50, in parse_obj
    script = Selector(text=src_item).xpath('//script/@src').extract()
  File "/home/mindfire/venv/local/lib/python2.7/site-packages/scrapy/selector/unified.py", line 64, in __init__
    response = _response_from_text(text, st)
  File "/home/mindfire/venv/local/lib/python2.7/site-packages/scrapy/selector/unified.py", line 26, in _response_from_text
    body=to_bytes(text, 'utf-8'))
  File "/home/mindfire/venv/local/lib/python2.7/site-packages/scrapy/utils/python.py", line 117, in to_bytes
    'object, got %s' % type(text).__name__)
TypeError: to_bytes must receive a unicode, str or bytes object, got Selector
2017-09-18 13:00:45 [scrapy.core.engine] INFO: Closing spider (finished)
2017-09-18 13:00:45 [scrapy.statscollectors] INFO: Dumping Scrapy stats:
{'downloader/request_bytes': 2564,
 'downloader/request_count': 10,
 'downloader/request_method_count/GET': 10,
 'downloader/response_bytes': 101147,
 'downloader/response_count': 10,
 'downloader/response_status_count/200': 9,
 'downloader/response_status_count/404': 1,
 'dupefilter/filtered': 2,
 'finish_reason': 'finished',
 'finish_time': datetime.datetime(2017, 9, 18, 13, 0, 45, 340905),
 'log_count/DEBUG': 13,
 'log_count/ERROR': 8,
 'log_count/INFO': 7,
 'log_count/WARNING': 1,
 'memusage/max': 61505536,
 'memusage/startup': 61505536,
 'offsite/domains': 1,
 'offsite/filtered': 1,
 'request_depth_max': 1,
 'response_received_count': 10,
 'scheduler/dequeued': 9,
 'scheduler/dequeued/memory': 9,
 'scheduler/enqueued': 9,
 'scheduler/enqueued/memory': 9,
 'spider_exceptions/TypeError': 8,
 'start_time': datetime.datetime(2017, 9, 18, 13, 0, 44, 256414)}
2017-09-18 13:00:45 [scrapy.core.engine] INFO: Spider closed (finished)
